{
  "RSpec": {
    "coverage": {
      "/Users/adambaker/Projects/chitter/app.rb": {
        "lines": [
          1,
          1,
          1,
          1,
          null,
          1,
          1,
          3,
          3,
          3,
          null,
          null,
          1,
          2,
          2,
          null,
          null,
          1,
          1,
          1,
          null,
          null,
          1,
          null
        ]
      },
      "/Users/adambaker/Projects/chitter/lib/databasequery.rb": {
        "lines": [
          1,
          null,
          1,
          1,
          2,
          2,
          null,
          null,
          1,
          4,
          4,
          null,
          null
        ]
      },
      "/Users/adambaker/Projects/chitter/lib/chittermanager.rb": {
        "lines": [
          1,
          1,
          1,
          1,
          null,
          1,
          null,
          null,
          1,
          null,
          null,
          3,
          null,
          null,
          3,
          1,
          null,
          null,
          null,
          1,
          1,
          1,
          1,
          1,
          null,
          null,
          null
        ]
      },
      "/Users/adambaker/Projects/chitter/lib/chirp.rb": {
        "lines": [
          1,
          null,
          1,
          null,
          1,
          1,
          1,
          1,
          1,
          null,
          null,
          null
        ]
      },
      "/Users/adambaker/Projects/chitter/spec/features/adding_message_spec.rb": {
        "lines": [
          1,
          1,
          1,
          1,
          1,
          1,
          1,
          1,
          1,
          null,
          null
        ]
      },
      "/Users/adambaker/Projects/chitter/spec/features/home_page_spec.rb": {
        "lines": [
          1,
          1,
          1,
          1,
          null,
          null
        ]
      }
    },
    "timestamp": 1604662794
  }
}
